<?xml version="1.0" encoding="utf-8"?><testsuites name="pytest tests"><testsuite name="pytest" errors="0" failures="0" skipped="0" tests="53" time="15.705" timestamp="2026-09-11T15:21:41.446679+02:00" hostname="DESKTOP-8GV3UUB"><testcase classname="tests.test_data_and_design" name="test_committed_smoke_snapshot_is_valid" time="0.045" /><testcase classname="tests.test_data_and_design" name="test_validation_detects_damaged_search_console_rows[&lt;lambda&gt;-clicks_gt_impressions]" time="0.302" /><testcase classname="tests.test_data_and_design" name="test_validation_detects_damaged_search_console_rows[&lt;lambda&gt;-duplicate_key]" time="0.136" /><testcase classname="tests.test_data_and_design" name="test_validation_detects_damaged_search_console_rows[&lt;lambda&gt;-negative_or_non_integer]" time="0.133" /><testcase classname="tests.test_data_and_design" name="test_validation_detects_damaged_search_console_rows[&lt;lambda&gt;-unknown_page]" time="0.131" /><testcase classname="tests.test_data_and_design" name="test_validation_detects_damaged_search_console_rows[&lt;lambda&gt;-position_out_of_range]" time="0.142" /><testcase classname="tests.test_data_and_design" name="test_validation_detects_damaged_search_console_rows[&lt;lambda&gt;-unknown_segment]" time="0.142" /><testcase classname="tests.test_data_and_design" name="test_validation_detects_intervention_on_control_page" time="0.119" /><testcase classname="tests.test_data_and_design" name="test_validation_detects_unsealed_change" time="0.094" /><testcase classname="tests.test_data_and_design" name="test_windows_are_computed_from_intervention_date" time="0.007" /><testcase classname="tests.test_data_and_design" name="test_post_window_is_truncated_at_label_availability" time="0.006" /><testcase classname="tests.test_data_and_design" name="test_placebo_windows_end_before_real_pre_intervention_buffer" time="0.006" /><testcase classname="tests.test_data_and_design" name="test_rows_after_label_availability_change_nothing" time="0.154" /><testcase classname="tests.test_data_and_design" name="test_changes_after_training_boundary_leave_curve_and_earlier_windows_intact" time="0.151" /><testcase classname="tests.test_estimate" name="test_position_did_matches_hand_calculation" time="0.043" /><testcase classname="tests.test_estimate" name="test_adjusted_ctr_ignores_position_and_detects_click_doubling" time="0.028" /><testcase classname="tests.test_estimate" name="test_difference_of_two_arms_on_local_segment" time="0.032" /><testcase classname="tests.test_estimate" name="test_ctr_curve_uses_only_rows_before_training_end" time="0.002" /><testcase classname="tests.test_estimate" name="test_expected_ctr_bins" time="0.000" /><testcase classname="tests.test_estimate" name="test_effect_sign_and_decision_rule" time="0.000" /><testcase classname="tests.test_estimate" name="test_too_few_days_excludes_page_from_every_model" time="0.035" /><testcase classname="tests.test_io_and_audit" name="test_sha256_known_value" time="0.000" /><testcase classname="tests.test_io_and_audit" name="test_atomic_write_keeps_previous_file_when_validation_fails" time="0.006" /><testcase classname="tests.test_io_and_audit" name="test_tree_hash_detects_same_size_change" time="0.002" /><testcase classname="tests.test_io_and_audit" name="test_tree_hash_is_independent_of_platform_path_ordering" time="0.006" /><testcase classname="tests.test_io_and_audit" name="test_normalize_url_drops_fragment_and_lowercases_host" time="0.000" /><testcase classname="tests.test_io_and_audit" name="test_audit_html_hand_counted_example" time="0.002" /><testcase classname="tests.test_io_and_audit" name="test_audit_site_issues_hand_counted_example" time="0.003" /><testcase classname="tests.test_io_and_audit" name="test_offline_crawl_roundtrip" time="0.016" /><testcase classname="tests.test_pipeline" name="test_smoke_run_is_complete_and_verified" time="1.722" /><testcase classname="tests.test_pipeline" name="test_predictions_carry_temporal_provenance" time="0.003" /><testcase classname="tests.test_pipeline" name="test_two_identical_runs_produce_identical_results" time="1.655" /><testcase classname="tests.test_pipeline" name="test_interruption_then_resume_matches_uninterrupted_run" time="1.917" /><testcase classname="tests.test_pipeline" name="test_injected_failure_gives_nonzero_exit_and_blocks_release" time="0.732" /><testcase classname="tests.test_pipeline" name="test_same_size_data_change_invalidates_processed_cache" time="0.737" /><testcase classname="tests.test_pipeline" name="test_damaged_processed_file_is_rebuilt_not_trusted" time="0.644" /><testcase classname="tests.test_pipeline" name="test_unsealed_data_change_stops_the_run" time="0.185" /><testcase classname="tests.test_pipeline" name="test_verify_recomputes_metrics_even_when_hashes_are_updated" time="1.697" /><testcase classname="tests.test_pipeline" name="test_resume_rebuilds_a_deleted_artifact" time="2.734" /><testcase classname="tests.test_release_and_exports" name="test_parse_junit_counts_failed_error_and_skipped" time="0.003" /><testcase classname="tests.test_release_and_exports" name="test_parse_junit_detects_attributes_hiding_failures" time="0.006" /><testcase classname="tests.test_release_and_exports" name="test_release_refuses_unclean_test_reports[&lt;testsuite name=&quot;s&quot; tests=&quot;5&quot; failures=&quot;1&quot; errors=&quot;1&quot; skipped=&quot;1&quot;&gt;&lt;testcase name=&quot;ok1&quot;/&gt;&lt;testcase name=&quot;ok2&quot;/&gt;&lt;testcase name=&quot;f&quot;&gt;&lt;failure message=&quot;x&quot;/&gt;&lt;/testcase&gt;&lt;testcase name=&quot;e&quot;&gt;&lt;error message=&quot;y&quot;/&gt;&lt;/testcase&gt;&lt;testcase name=&quot;s&quot;&gt;&lt;skipped/&gt;&lt;/testcase&gt;&lt;/testsuite&gt;-tests not clean]" time="0.105" /><testcase classname="tests.test_release_and_exports" name="test_release_refuses_unclean_test_reports[&lt;testsuite name=&quot;s&quot; tests=&quot;3&quot; failures=&quot;0&quot; errors=&quot;0&quot; skipped=&quot;0&quot;&gt;&lt;testcase name=&quot;ok&quot;/&gt;&lt;testcase name=&quot;f&quot;&gt;&lt;failure/&gt;&lt;/testcase&gt;&lt;testcase name=&quot;s&quot;&gt;&lt;skipped/&gt;&lt;/testcase&gt;&lt;/testsuite&gt;-disagree]" time="0.118" /><testcase classname="tests.test_release_and_exports" name="test_release_writes_checksummed_bundle_and_public_site_data" time="0.346" /><testcase classname="tests.test_release_and_exports" name="test_site_export_matches_metrics_table" time="0.004" /><testcase classname="tests.test_release_and_exports" name="test_claims_reference_files_of_the_same_run" time="0.002" /><testcase classname="tests.test_release_and_exports" name="test_generator_is_deterministic_and_matches_committed_snapshot" time="0.390" /><testcase classname="tests.test_release_and_exports" name="test_generator_refuses_to_overwrite_a_snapshot" time="0.002" /><testcase classname="tests.test_release_and_exports" name="test_known_synthetic_effects_are_recovered" time="0.005" /><testcase classname="tests.test_release_and_exports" name="test_doctor_accepts_the_repository_setup" time="0.176" /><testcase classname="tests.test_revision_regressions" name="test_position_window_is_weighted_by_impressions" time="0.001" /><testcase classname="tests.test_revision_regressions" name="test_click_eligibility_counts_only_days_with_impressions" time="0.001" /><testcase classname="tests.test_revision_regressions" name="test_release_refuses_skipped_suite" time="0.114" /></testsuite></testsuites>